<?xml version="1.0" encoding="UTF-8"?>
<testng-results ignored="0" total="3" passed="3" failed="0" skipped="0">
  <reporter-output>
  </reporter-output>
  <suite started-at="2024-03-26T16:53:28 IST" name="Cucumber OpenCart suite" finished-at="2024-03-26T16:53:40 IST" duration-ms="12543">
    <groups>
      <group name="cucumber">
        <method signature="AbstractTestNGCucumberTests.runScenario(io.cucumber.testng.PickleWrapper,io.cucumber.testng.FeatureWrapper)[pri:0, instance:runner.TestRunner@243c4f91]" name="runScenario" class="io.cucumber.testng.AbstractTestNGCucumberTests"/>
      </group> <!-- cucumber -->
    </groups>
    <test started-at="2024-03-26T16:53:28 IST" name="Cucumber test" finished-at="2024-03-26T16:53:40 IST" duration-ms="12543">
      <class name="runner.TestRunner">
        <test-method is-config="true" signature="setUpClass(org.testng.ITestContext)[pri:0, instance:runner.TestRunner@243c4f91]" started-at="2024-03-26T16:53:28 IST" name="setUpClass" finished-at="2024-03-26T16:53:28 IST" duration-ms="524" status="PASS">
          <params>
            <param index="0">
              <value>
                <![CDATA[org.testng.TestRunner@4e08711f]]>
              </value>
            </param>
          </params>
          <reporter-output>
          </reporter-output>
        </test-method> <!-- setUpClass -->
        <test-method signature="runScenario(io.cucumber.testng.PickleWrapper,io.cucumber.testng.FeatureWrapper)[pri:0, instance:runner.TestRunner@243c4f91]" started-at="2024-03-26T16:53:28 IST" name="runScenario" description="Runs Cucumber Scenarios" data-provider="scenarios" finished-at="2024-03-26T16:53:37 IST" duration-ms="8361" status="PASS">
          <params>
            <param index="0">
              <value>
                <![CDATA["Verify admin is not able to login if the credentials are not correct"]]>
              </value>
            </param>
            <param index="1">
              <value>
                <![CDATA["Verify user is able to go to admin login page."]]>
              </value>
            </param>
          </params>
          <reporter-output>
          </reporter-output>
        </test-method> <!-- runScenario -->
        <test-method signature="runScenario(io.cucumber.testng.PickleWrapper,io.cucumber.testng.FeatureWrapper)[pri:0, instance:runner.TestRunner@243c4f91]" started-at="2024-03-26T16:53:28 IST" name="runScenario" description="Runs Cucumber Scenarios" data-provider="scenarios" finished-at="2024-03-26T16:53:37 IST" duration-ms="8409" status="PASS">
          <params>
            <param index="0">
              <value>
                <![CDATA["Verify the title of the homepage"]]>
              </value>
            </param>
            <param index="1">
              <value>
                <![CDATA["Verify admin is able to view the other options."]]>
              </value>
            </param>
          </params>
          <reporter-output>
          </reporter-output>
        </test-method> <!-- runScenario -->
        <test-method signature="runScenario(io.cucumber.testng.PickleWrapper,io.cucumber.testng.FeatureWrapper)[pri:0, instance:runner.TestRunner@243c4f91]" started-at="2024-03-26T16:53:28 IST" name="runScenario" description="Runs Cucumber Scenarios" data-provider="scenarios" finished-at="2024-03-26T16:53:37 IST" duration-ms="8361" status="PASS">
          <params>
            <param index="0">
              <value>
                <![CDATA["Verify admin is able to successfully login with the valid credentials"]]>
              </value>
            </param>
            <param index="1">
              <value>
                <![CDATA["Verify user is able to go to admin login page."]]>
              </value>
            </param>
          </params>
          <reporter-output>
          </reporter-output>
        </test-method> <!-- runScenario -->
        <test-method is-config="true" signature="tearDownClass()[pri:0, instance:runner.TestRunner@243c4f91]" started-at="2024-03-26T16:53:37 IST" name="tearDownClass" finished-at="2024-03-26T16:53:40 IST" duration-ms="3583" status="PASS">
          <reporter-output>
          </reporter-output>
        </test-method> <!-- tearDownClass -->
      </class> <!-- runner.TestRunner -->
    </test> <!-- Cucumber test -->
  </suite> <!-- Cucumber OpenCart suite -->
</testng-results>
