<?xml version="1.0" encoding="UTF-8"?>
<testng-results ignored="0" total="2" passed="2" failed="0" skipped="0">
  <reporter-output>
  </reporter-output>
  <suite started-at="2024-03-28T21:01:47 IST" name="Default suite" finished-at="2024-03-28T21:02:04 IST" duration-ms="17244">
    <groups>
      <group name="cucumber">
        <method signature="AbstractTestNGCucumberTests.runScenario(io.cucumber.testng.PickleWrapper,io.cucumber.testng.FeatureWrapper)[pri:0, instance:runner.TestRunner@1be2019a]" name="runScenario" class="io.cucumber.testng.AbstractTestNGCucumberTests"/>
      </group> <!-- cucumber -->
    </groups>
    <test started-at="2024-03-28T21:01:47 IST" name="Default test" finished-at="2024-03-28T21:02:04 IST" duration-ms="17244">
      <class name="runner.TestRunner">
        <test-method is-config="true" signature="setUpClass(org.testng.ITestContext)[pri:0, instance:runner.TestRunner@1be2019a]" started-at="2024-03-28T21:01:47 IST" name="setUpClass" finished-at="2024-03-28T21:01:47 IST" duration-ms="392" status="PASS">
          <params>
            <param index="0">
              <value>
                <![CDATA[org.testng.TestRunner@3a296107]]>
              </value>
            </param>
          </params>
          <reporter-output>
          </reporter-output>
        </test-method> <!-- setUpClass -->
        <test-method signature="runScenario(io.cucumber.testng.PickleWrapper,io.cucumber.testng.FeatureWrapper)[pri:0, instance:runner.TestRunner@1be2019a]" started-at="2024-03-28T21:01:47 IST" name="runScenario" description="Runs Cucumber Scenarios" data-provider="scenarios" finished-at="2024-03-28T21:02:01 IST" duration-ms="13450" status="PASS">
          <params>
            <param index="0">
              <value>
                <![CDATA["Verify admin is able to successfully login with the valid credentials"]]>
              </value>
            </param>
            <param index="1">
              <value>
                <![CDATA["Verify user is able to go to admin login page."]]>
              </value>
            </param>
          </params>
          <reporter-output>
          </reporter-output>
        </test-method> <!-- runScenario -->
        <test-method signature="runScenario(io.cucumber.testng.PickleWrapper,io.cucumber.testng.FeatureWrapper)[pri:0, instance:runner.TestRunner@1be2019a]" started-at="2024-03-28T21:01:47 IST" name="runScenario" description="Runs Cucumber Scenarios" data-provider="scenarios" finished-at="2024-03-28T21:02:01 IST" duration-ms="13429" status="PASS">
          <params>
            <param index="0">
              <value>
                <![CDATA["Verify admin is not able to login if the credentials are not correct"]]>
              </value>
            </param>
            <param index="1">
              <value>
                <![CDATA["Verify user is able to go to admin login page."]]>
              </value>
            </param>
          </params>
          <reporter-output>
          </reporter-output>
        </test-method> <!-- runScenario -->
        <test-method is-config="true" signature="tearDownClass()[pri:0, instance:runner.TestRunner@1be2019a]" started-at="2024-03-28T21:02:01 IST" name="tearDownClass" finished-at="2024-03-28T21:02:04 IST" duration-ms="3372" status="PASS">
          <reporter-output>
          </reporter-output>
        </test-method> <!-- tearDownClass -->
      </class> <!-- runner.TestRunner -->
    </test> <!-- Default test -->
  </suite> <!-- Default suite -->
</testng-results>
